Removed Pin From Net: NetName=FORWARD_LOGIC Pin=U3-2
Removed Pin From Net: NetName=FORWARD_LOGIC Pin=U3-3
Removed Pin From Net: NetName=BACK_LOGIC Pin=U3-5
Removed Pin From Net: NetName=BACK_LOGIC Pin=U3-6
Removed Pin From Net: NetName=FORWARD_5V Pin=U3-10
Removed Pin From Net: NetName=FORWARD_LOGIC Pin=U3-11
Removed Pin From Net: NetName=BACK_5V Pin=U3-13
Change Component Comment : Designator=U3 Old Comment=74HC02 New Comment=1-2199298-3
Added Pin To Net: NetName=BACK_5V Pin=U3-1
Added Pin To Net: NetName=BACK_LOGIC Pin=U3-2
Added Pin To Net: NetName=FORWARD_LOGIC Pin=U3-5
Added Pin To Net: NetName=FORWARD_LOGIC Pin=U3-6
Added Pin To Net: NetName=GND Pin=U3-7
Added Pin To Net: NetName=BACK_LOGIC Pin=U3-8
Added Pin To Net: NetName=FORWARD_LOGIC Pin=U3-12
Added Pin To Net: NetName=FORWARD_5V Pin=U3-13
Added Pin To Net: NetName=NetU3_3 Pin=U3-3
Added Pin To Net: NetName=NetU3_3 Pin=U3-4
Added Net: Name=NetU3_3
Added Pin To Net: NetName=NetU3_10 Pin=U3-10
Added Pin To Net: NetName=NetU3_10 Pin=U3-11
Added Net: Name=NetU3_10
