Added Component: Designator=BUTTON(Chave TACT)
Add component (AddParameter): Name = "Descrição"; Value = "Chave Tact 6x6x5mm"; VariantName = "[No Variations]"
Add component (AddParameter): Name = "Encapsulamento"; Value = "PTH"; VariantName = "[No Variations]"
Add component (AddParameter): Name = "Marca"; Value = ""; VariantName = "[No Variations]"
Add component (AddParameter): Name = "Modelo"; Value = ""; VariantName = "[No Variations]"
Add component (AddParameter): Name = "Observação"; Value = ""; VariantName = "[No Variations]"
Add component (AddParameter): Name = "Valor"; Value = ""; VariantName = "[No Variations]"
Added Component: Designator=DHT22(TE_640445-4)
Add component (AddParameter): Name = "Availability"; Value = "In Stock"; VariantName = "[No Variations]"
Add component (AddParameter): Name = "Check_prices"; Value = "https://www.snapeda.com/parts/640445-4/TE+Connectivity+AMP+Connectors/view-part/?ref=eda"; VariantName = "[No Variations]"
Add component (AddParameter): Name = "MF"; Value = "TE Connectivity"; VariantName = "[No Variations]"
Add component (AddParameter): Name = "MP"; Value = "640445-4"; VariantName = "[No Variations]"
Add component (AddParameter): Name = "Package"; Value = "None"; VariantName = "[No Variations]"
Add component (AddParameter): Name = "Price"; Value = "None"; VariantName = "[No Variations]"
Add component (AddParameter): Name = "Purchase-URL"; Value = "https://pricing.snapeda.com/search/part/640445-4/?ref=eda"; VariantName = "[No Variations]"
Add component (AddParameter): Name = "SnapEDA_Link"; Value = "https://www.snapeda.com/parts/640445-4/TE+Connectivity+AMP+Connectors/view-part/?ref=snap"; VariantName = "[No Variations]"
Add component (AddParameter): Name = "Value"; Value = ""; VariantName = "[No Variations]"
Added Component: Designator=H_BRIDGE(KK_2VIAS_180º)
Add component (AddParameter): Name = "Descrição"; Value = "Conector KK 3 vias com passo 2.54mm"; VariantName = "[No Variations]"
Add component (AddParameter): Name = "Encapsulamento"; Value = "PTH - 180º"; VariantName = "[No Variations]"
Add component (AddParameter): Name = "Marca"; Value = ""; VariantName = "[No Variations]"
Add component (AddParameter): Name = "Modelo"; Value = "2 vias - 180º"; VariantName = "[No Variations]"
Add component (AddParameter): Name = "Observação"; Value = ""; VariantName = "[No Variations]"
Add component (AddParameter): Name = "Valor"; Value = "KK 2 vias 180º"; VariantName = "[No Variations]"
Added Component: Designator=I2C(I2C_LCD)
Added Component: Designator=LCD(LCD_LCD2X16)
Add component (AddParameter): Name = "Availability"; Value = "Unavailable"; VariantName = "[No Variations]"
Add component (AddParameter): Name = "MF"; Value = ""; VariantName = "[No Variations]"
Add component (AddParameter): Name = "MP"; Value = "LCD2X16"; VariantName = "[No Variations]"
Add component (AddParameter): Name = "Package"; Value = "None"; VariantName = "[No Variations]"
Add component (AddParameter): Name = "Price"; Value = "None"; VariantName = "[No Variations]"
Add component (AddParameter): Name = "Value"; Value = ""; VariantName = "[No Variations]"
Added Component: Designator=POTENTIOMETER(KK_3vias_180º)
Add component (AddParameter): Name = "Descrição"; Value = "Conector KK 3 vias com passo 2.54mm"; VariantName = "[No Variations]"
Add component (AddParameter): Name = "Encapsulamento"; Value = "PTH - 180º"; VariantName = "[No Variations]"
Add component (AddParameter): Name = "Marca"; Value = ""; VariantName = "[No Variations]"
Add component (AddParameter): Name = "Modelo"; Value = "3 vias - 180º"; VariantName = "[No Variations]"
Add component (AddParameter): Name = "Observação"; Value = ""; VariantName = "[No Variations]"
Add component (AddParameter): Name = "Valor"; Value = "KK 3 vias 180º"; VariantName = "[No Variations]"
Added Component: Designator=POWER_SUPPLY(KK_2VIAS_180º)
Add component (AddParameter): Name = "Descrição"; Value = "Conector KK 3 vias com passo 2.54mm"; VariantName = "[No Variations]"
Add component (AddParameter): Name = "Encapsulamento"; Value = "PTH - 180º"; VariantName = "[No Variations]"
Add component (AddParameter): Name = "Marca"; Value = ""; VariantName = "[No Variations]"
Add component (AddParameter): Name = "Modelo"; Value = "2 vias - 180º"; VariantName = "[No Variations]"
Add component (AddParameter): Name = "Observação"; Value = ""; VariantName = "[No Variations]"
Add component (AddParameter): Name = "Valor"; Value = "KK 2 vias 180º"; VariantName = "[No Variations]"
Added Component: Designator=R1(AXIAL-0.3)
Add component (AddParameter): Name = "LatestRevisionDate"; Value = "17-Jul-2002"; VariantName = "[No Variations]"
Add component (AddParameter): Name = "LatestRevisionNote"; Value = "Re-released for DXP Platform."; VariantName = "[No Variations]"
Add component (AddParameter): Name = "PackageDescription"; Value = "Axial Device, Thru-Hole; 2 Leads; 0.3 in Pin Spacing"; VariantName = "[No Variations]"
Add component (AddParameter): Name = "PackageReference"; Value = "AXIAL-0.3"; VariantName = "[No Variations]"
Add component (AddParameter): Name = "Published"; Value = "8-Jun-2000"; VariantName = "[No Variations]"
Add component (AddParameter): Name = "Publisher"; Value = "Altium Limited"; VariantName = "[No Variations]"
Add component (AddParameter): Name = "Value"; Value = "10K"; VariantName = "[No Variations]"
Added Component: Designator=Thermistor(KK_2VIAS_180º)
Add component (AddParameter): Name = "Descrição"; Value = "Conector KK 3 vias com passo 2.54mm"; VariantName = "[No Variations]"
Add component (AddParameter): Name = "Encapsulamento"; Value = "PTH - 180º"; VariantName = "[No Variations]"
Add component (AddParameter): Name = "Marca"; Value = ""; VariantName = "[No Variations]"
Add component (AddParameter): Name = "Modelo"; Value = "2 vias - 180º"; VariantName = "[No Variations]"
Add component (AddParameter): Name = "Observação"; Value = ""; VariantName = "[No Variations]"
Add component (AddParameter): Name = "Valor"; Value = "KK 2 vias 180º"; VariantName = "[No Variations]"
Added Component: Designator=U1(MODULE_ESP32_DEVKIT_V1)
Add component (AddParameter): Name = "Availability"; Value = "Not in stock"; VariantName = "[No Variations]"
Add component (AddParameter): Name = "Check_prices"; Value = "https://www.snapeda.com/parts/ESP32-DEVKIT-V1/Do+it/view-part/?ref=eda"; VariantName = "[No Variations]"
Add component (AddParameter): Name = "MF"; Value = "Do it"; VariantName = "[No Variations]"
Add component (AddParameter): Name = "MP"; Value = "ESP32-DEVKIT-V1"; VariantName = "[No Variations]"
Add component (AddParameter): Name = "Package"; Value = "None"; VariantName = "[No Variations]"
Add component (AddParameter): Name = "Price"; Value = "None"; VariantName = "[No Variations]"
Add component (AddParameter): Name = "SnapEDA_Link"; Value = "https://www.snapeda.com/parts/ESP32-DEVKIT-V1/Do+it/view-part/?ref=snap"; VariantName = "[No Variations]"
Add component (AddParameter): Name = "Value"; Value = ""; VariantName = "[No Variations]"
Added Component: Designator=U2(CONV_BOB-12009)
Add component (AddParameter): Name = "Availability"; Value = "Unavailable"; VariantName = "[No Variations]"
Add component (AddParameter): Name = "MF"; Value = "SparkFun"; VariantName = "[No Variations]"
Add component (AddParameter): Name = "MP"; Value = "BOB-12009"; VariantName = "[No Variations]"
Add component (AddParameter): Name = "Package"; Value = "None"; VariantName = "[No Variations]"
Add component (AddParameter): Name = "Price"; Value = "None"; VariantName = "[No Variations]"
Add component (AddParameter): Name = "SnapEDA_Link"; Value = "https://www.snapeda.com/parts/BOB-12009/SparkFun%20Electronics/view-part/551764/?ref=snap"; VariantName = "[No Variations]"
Add component (AddParameter): Name = "Value"; Value = ""; VariantName = "[No Variations]"
Added Component: Designator=U3(DIPS762W60P254L1778H48N)
Add component (AddParameter): Name = "Availability"; Value = "Unavailable"; VariantName = "[No Variations]"
Add component (AddParameter): Name = "Centerline_Pitch"; Value = "2.54 mm[.1 in]"; VariantName = "[No Variations]"
Add component (AddParameter): Name = "DigiKey-Purchase-URL"; Value = "https://snapeda.com/shop?store=DigiKey&id=541057"; VariantName = "[No Variations]"
Add component (AddParameter): Name = "EU_RoHS_Compliance"; Value = "Compliant"; VariantName = "[No Variations]"
Add component (AddParameter): Name = "MF"; Value = "TE Connectivity"; VariantName = "[No Variations]"
Add component (AddParameter): Name = "MP"; Value = "1-2199298-3"; VariantName = "[No Variations]"
Add component (AddParameter): Name = "Number_of_Positions"; Value = "14"; VariantName = "[No Variations]"
Add component (AddParameter): Name = "Package"; Value = "PDIP-14 TE Connectivity / AMP"; VariantName = "[No Variations]"
Add component (AddParameter): Name = "Price"; Value = "None"; VariantName = "[No Variations]"
Add component (AddParameter): Name = "Product_Type"; Value = "Socket"; VariantName = "[No Variations]"
Add component (AddParameter): Name = "SnapEDA_Link"; Value = "https://www.snapeda.com/parts/1-2199298-3/TE%20Connectivity%20AMP%20Connectors/view-part/541057/?ref=snap"; VariantName = "[No Variations]"
Add component (AddParameter): Name = "Value"; Value = ""; VariantName = "[No Variations]"
Added Pin To Net: NetName=3.3V Pin=R1-1
Added Pin To Net: NetName=3.3V Pin=U1-1
Added Net: Name=3.3V
Added Pin To Net: NetName=5V Pin=DHT22-1
Added Pin To Net: NetName=5V Pin=I2C-20
Added Pin To Net: NetName=5V Pin=POTENTIOMETER-1
Added Pin To Net: NetName=5V Pin=POWER_SUPPLY-1
Added Pin To Net: NetName=5V Pin=U1-30
Added Pin To Net: NetName=5V Pin=U3-14
Added Net: Name=5V
Added Pin To Net: NetName=BACK_3.3V Pin=U1-5
Added Pin To Net: NetName=BACK_3.3V Pin=U2-LV1
Added Net: Name=BACK_3.3V
Added Pin To Net: NetName=BACK_5V Pin=H_BRIDGE-2
Added Pin To Net: NetName=BACK_5V Pin=U3-1
Added Net: Name=BACK_5V
Added Pin To Net: NetName=BACK_LOGIC Pin=U2-HV1
Added Pin To Net: NetName=BACK_LOGIC Pin=U3-5
Added Pin To Net: NetName=BACK_LOGIC Pin=U3-6
Added Pin To Net: NetName=BACK_LOGIC Pin=U3-12
Added Net: Name=BACK_LOGIC
Added Pin To Net: NetName=BUTTON_PIN Pin=BUTTON-1
Added Pin To Net: NetName=BUTTON_PIN Pin=U1-8
Added Net: Name=BUTTON_PIN
Added Pin To Net: NetName=DHT_PIN Pin=DHT22-2
Added Pin To Net: NetName=DHT_PIN Pin=U1-15
Added Net: Name=DHT_PIN
Added Pin To Net: NetName=FORWARD_3.3V Pin=U1-4
Added Pin To Net: NetName=FORWARD_3.3V Pin=U2-LV
Added Net: Name=FORWARD_3.3V
Added Pin To Net: NetName=FORWARD_5V Pin=H_BRIDGE-1
Added Pin To Net: NetName=FORWARD_5V Pin=U3-13
Added Net: Name=FORWARD_5V
Added Pin To Net: NetName=FORWARD_LOGIC Pin=U2-HV
Added Pin To Net: NetName=FORWARD_LOGIC Pin=U3-2
Added Pin To Net: NetName=FORWARD_LOGIC Pin=U3-8
Added Pin To Net: NetName=FORWARD_LOGIC Pin=U3-9
Added Net: Name=FORWARD_LOGIC
Added Pin To Net: NetName=GND Pin=BUTTON-3
Added Pin To Net: NetName=GND Pin=DHT22-4
Added Pin To Net: NetName=GND Pin=I2C-19
Added Pin To Net: NetName=GND Pin=POTENTIOMETER-3
Added Pin To Net: NetName=GND Pin=POWER_SUPPLY-2
Added Pin To Net: NetName=GND Pin=Thermistor-2
Added Pin To Net: NetName=GND Pin=U1-2
Added Pin To Net: NetName=GND Pin=U2-GND_1
Added Pin To Net: NetName=GND Pin=U2-GND_2
Added Pin To Net: NetName=GND Pin=U3-7
Added Net: Name=GND
Added Pin To Net: NetName=NetI2C_1 Pin=I2C-1
Added Pin To Net: NetName=NetI2C_1 Pin=LCD-1
Added Net: Name=NetI2C_1
Added Pin To Net: NetName=NetI2C_2 Pin=I2C-2
Added Pin To Net: NetName=NetI2C_2 Pin=LCD-2
Added Net: Name=NetI2C_2
Added Pin To Net: NetName=NetI2C_3 Pin=I2C-3
Added Pin To Net: NetName=NetI2C_3 Pin=LCD-3
Added Net: Name=NetI2C_3
Added Pin To Net: NetName=NetI2C_4 Pin=I2C-4
Added Pin To Net: NetName=NetI2C_4 Pin=LCD-4
Added Net: Name=NetI2C_4
Added Pin To Net: NetName=NetI2C_5 Pin=I2C-5
Added Pin To Net: NetName=NetI2C_5 Pin=LCD-5
Added Net: Name=NetI2C_5
Added Pin To Net: NetName=NetI2C_6 Pin=I2C-6
Added Pin To Net: NetName=NetI2C_6 Pin=LCD-6
Added Net: Name=NetI2C_6
Added Pin To Net: NetName=NetI2C_7 Pin=I2C-7
Added Pin To Net: NetName=NetI2C_7 Pin=LCD-7
Added Net: Name=NetI2C_7
Added Pin To Net: NetName=NetI2C_8 Pin=I2C-8
Added Pin To Net: NetName=NetI2C_8 Pin=LCD-8
Added Net: Name=NetI2C_8
Added Pin To Net: NetName=NetI2C_9 Pin=I2C-9
Added Pin To Net: NetName=NetI2C_9 Pin=LCD-9
Added Net: Name=NetI2C_9
Added Pin To Net: NetName=NetI2C_10 Pin=I2C-10
Added Pin To Net: NetName=NetI2C_10 Pin=LCD-10
Added Net: Name=NetI2C_10
Added Pin To Net: NetName=NetI2C_11 Pin=I2C-11
Added Pin To Net: NetName=NetI2C_11 Pin=LCD-11
Added Net: Name=NetI2C_11
Added Pin To Net: NetName=NetI2C_12 Pin=I2C-12
Added Pin To Net: NetName=NetI2C_12 Pin=LCD-12
Added Net: Name=NetI2C_12
Added Pin To Net: NetName=NetI2C_13 Pin=I2C-13
Added Pin To Net: NetName=NetI2C_13 Pin=LCD-13
Added Net: Name=NetI2C_13
Added Pin To Net: NetName=NetI2C_14 Pin=I2C-14
Added Pin To Net: NetName=NetI2C_14 Pin=LCD-14
Added Net: Name=NetI2C_14
Added Pin To Net: NetName=NetI2C_15 Pin=I2C-15
Added Pin To Net: NetName=NetI2C_15 Pin=LCD-15
Added Net: Name=NetI2C_15
Added Pin To Net: NetName=NetI2C_16 Pin=I2C-16
Added Pin To Net: NetName=NetI2C_16 Pin=LCD-16
Added Net: Name=NetI2C_16
Added Pin To Net: NetName=NetU3_3 Pin=U3-3
Added Pin To Net: NetName=NetU3_3 Pin=U3-4
Added Net: Name=NetU3_3
Added Pin To Net: NetName=NetU3_10 Pin=U3-10
Added Pin To Net: NetName=NetU3_10 Pin=U3-11
Added Net: Name=NetU3_10
Added Pin To Net: NetName=POT_PIN Pin=POTENTIOMETER-2
Added Pin To Net: NetName=POT_PIN Pin=U1-27
Added Net: Name=POT_PIN
Added Pin To Net: NetName=SCL Pin=I2C-17
Added Pin To Net: NetName=SCL Pin=U1-14
Added Net: Name=SCL
Added Pin To Net: NetName=SDA Pin=I2C-18
Added Pin To Net: NetName=SDA Pin=U1-11
Added Net: Name=SDA
Added Pin To Net: NetName=THERMISTOR_PIN Pin=R1-2
Added Pin To Net: NetName=THERMISTOR_PIN Pin=Thermistor-1
Added Pin To Net: NetName=THERMISTOR_PIN Pin=U1-28
Added Net: Name=THERMISTOR_PIN
Added Member To Class: ClassName=Sheet1 Member=Component BUTTON Chave Tact
Added Member To Class: ClassName=Sheet1 Member=Component DHT22 640445-4
Added Member To Class: ClassName=Sheet1 Member=Component H_BRIDGE KK_2.54_2vias
Added Member To Class: ClassName=Sheet1 Member=Component I2C
Added Member To Class: ClassName=Sheet1 Member=Component LCD LCD2X16
Added Member To Class: ClassName=Sheet1 Member=Component POTENTIOMETER KK_2.54_3vias
Added Member To Class: ClassName=Sheet1 Member=Component POWER_SUPPLY KK_2.54_2vias
Added Member To Class: ClassName=Sheet1 Member=Component R1 Res1
Added Member To Class: ClassName=Sheet1 Member=Component Thermistor KK_2.54_2vias
Added Member To Class: ClassName=Sheet1 Member=Component U1 ESP32
Added Member To Class: ClassName=Sheet1 Member=Component U2 LEVEL_SHIFTER
Added Member To Class: ClassName=Sheet1 Member=Component U3
Added Room: Name=Sheet1
