Removed Pin From Net: NetName=GND Pin=U4-1
Removed Pin From Net: NetName=5V Pin=U4-2
Removed Pin From Net: NetName=SDA Pin=U4-3
Removed Pin From Net: NetName=SCL Pin=U4-4
Added Component: Designator=LCD(MOLEX_0530470410)
Add component (AddParameter): Name = "Availability"; Value = "Unavailable"; VariantName = "[No Variations]"
Add component (AddParameter): Name = "MF"; Value = "Molex"; VariantName = "[No Variations]"
Add component (AddParameter): Name = "MP"; Value = "0530470410"; VariantName = "[No Variations]"
Add component (AddParameter): Name = "Package"; Value = "None"; VariantName = "[No Variations]"
Add component (AddParameter): Name = "Price"; Value = "None"; VariantName = "[No Variations]"
Add component (AddParameter): Name = "SnapEDA_Link"; Value = "https://www.snapeda.com/parts/0530470410/Molex/view-part/470052/?ref=snap"; VariantName = "[No Variations]"
Add component (AddParameter): Name = "Value"; Value = ""; VariantName = "[No Variations]"
Added Pin To Net: NetName=GND Pin=BUTTON-2
Added Pin To Net: NetName=BUTTON_PIN Pin=BUTTON-4
Added Pin To Net: NetName=INTERNAL_FAN Pin=FANS-1
Added Pin To Net: NetName=EXTERNAL_FAN Pin=FANS-2
Added Pin To Net: NetName=FORWARD_5V Pin=H_BRIDGE-1
Added Pin To Net: NetName=BACK_5V Pin=H_BRIDGE-2
Added Pin To Net: NetName=GND Pin=LCD-1
Added Pin To Net: NetName=5V Pin=LCD-2
Added Pin To Net: NetName=SDA Pin=LCD-3
Added Pin To Net: NetName=SCL Pin=LCD-4
Added Pin To Net: NetName=5V Pin=POTENTIOMETER-1
Added Pin To Net: NetName=POT_PIN Pin=POTENTIOMETER-2
Added Pin To Net: NetName=GND Pin=POTENTIOMETER-3
Added Pin To Net: NetName=5V Pin=POWER_SUPPLY-1
Added Pin To Net: NetName=GND Pin=POWER_SUPPLY-2
Added Pin To Net: NetName=3.3V Pin=R1-1
Added Pin To Net: NetName=THERMISTOR1_PIN Pin=R1-2
Added Pin To Net: NetName=3.3V Pin=R2-1
Added Pin To Net: NetName=THERMISTOR2_PIN Pin=R2-2
Added Pin To Net: NetName=THERMISTOR1_PIN Pin=Thermistor 1-1
Added Pin To Net: NetName=GND Pin=Thermistor 1-2
Added Pin To Net: NetName=THERMISTOR2_PIN Pin=Thermistor 2-1
Added Pin To Net: NetName=GND Pin=Thermistor 2-2
Added Pin To Net: NetName=GND Pin=U2-GND_1
Added Pin To Net: NetName=GND Pin=U2-GND_2
Added Pin To Net: NetName=BACK_LOGIC Pin=U2-HV1
Added Pin To Net: NetName=FORWARD_LOGIC Pin=U2-HV
Added Pin To Net: NetName=BACK_3.3V Pin=U2-LV1
Added Pin To Net: NetName=FORWARD_3.3V Pin=U2-LV
Added Member To Class: ClassName=Sheet1 Member=Component BUTTON Chave Tact
Added Member To Class: ClassName=Sheet1 Member=Component DHT22 0530470410
Added Member To Class: ClassName=Sheet1 Member=Component FANS KK_2.54_2vias
Added Member To Class: ClassName=Sheet1 Member=Component H_BRIDGE KK_2.54_2vias
Added Member To Class: ClassName=Sheet1 Member=Component LCD 0530470410
Added Member To Class: ClassName=Sheet1 Member=Component POTENTIOMETER KK_2.54_3vias
Added Member To Class: ClassName=Sheet1 Member=Component POWER_SUPPLY KK_2.54_2vias
Added Member To Class: ClassName=Sheet1 Member=Component R1 Res1
Added Member To Class: ClassName=Sheet1 Member=Component R2 Res1
Added Member To Class: ClassName=Sheet1 Member=Component Thermistor 1 KK_2.54_2vias
Added Member To Class: ClassName=Sheet1 Member=Component Thermistor 2 KK_2.54_2vias
Added Member To Class: ClassName=Sheet1 Member=Component U1 ESP32
Added Member To Class: ClassName=Sheet1 Member=Component U2 LEVEL_SHIFTER
Added Member To Class: ClassName=Sheet1 Member=Component U3 1-2199298-3
